2024-12-04 17:02:02,755 - prepare_energy_grid.log - INFO - ZZZWJQ01 energy grid success
2024-12-04 17:02:02,755 - prepare_energy_grid.log - INFO - ZZZWJQ01 energy grid changed to np16
2024-12-04 17:02:04,502 - prepare_energy_grid.log - INFO - AXEKOF energy grid success
2024-12-04 17:02:04,503 - prepare_energy_grid.log - INFO - AXEKOF energy grid changed to np16
2024-12-04 17:03:42,287 - prepare_energy_grid.log - INFO - ZZZWJQ01 energy grid already exists
2024-12-04 17:03:42,287 - prepare_energy_grid.log - INFO - AXEKOF energy grid already exists
2024-12-04 17:04:39,232 - prepare_energy_grid.log - INFO - ZZZWJQ01 energy grid already exists
2024-12-04 17:07:59,476 - prepare_energy_grid.log - INFO - GEJQEU energy grid success
2024-12-04 17:07:59,477 - prepare_energy_grid.log - INFO - GEJQEU energy grid changed to np16
2024-12-04 17:08:01,747 - prepare_energy_grid.log - INFO - UPOSAU energy grid success
2024-12-04 17:08:01,748 - prepare_energy_grid.log - INFO - UPOSAU energy grid changed to np16
2024-12-04 17:08:03,606 - prepare_energy_grid.log - INFO - MUMYAW energy grid success
2024-12-04 17:08:03,607 - prepare_energy_grid.log - INFO - MUMYAW energy grid changed to np16
2024-12-04 17:08:03,616 - prepare_energy_grid.log - INFO - ZZZWJQ01 energy grid already exists
2024-12-04 17:08:05,560 - prepare_energy_grid.log - INFO - HAGTIV energy grid success
2024-12-04 17:08:05,561 - prepare_energy_grid.log - INFO - HAGTIV energy grid changed to np16
2024-12-04 17:08:07,501 - prepare_energy_grid.log - INFO - GOBLOA energy grid success
2024-12-04 17:08:07,502 - prepare_energy_grid.log - INFO - GOBLOA energy grid changed to np16
2024-12-04 17:08:09,572 - prepare_energy_grid.log - INFO - TUZYOD01 energy grid success
2024-12-04 17:08:09,573 - prepare_energy_grid.log - INFO - TUZYOD01 energy grid changed to np16
2024-12-06 18:15:24,367 - prepare_energy_grid.log - INFO - ZZZWJQ01 energy grid success
2024-12-06 18:15:24,367 - prepare_energy_grid.log - INFO - ZZZWJQ01 energy grid changed to np16
2024-12-06 18:17:13,878 - prepare_energy_grid.log - INFO - UPOSAU energy grid success
2024-12-06 18:17:13,879 - prepare_energy_grid.log - INFO - UPOSAU energy grid changed to np16
2024-12-06 18:18:55,041 - prepare_energy_grid.log - INFO - UPOSAU energy grid already exists
2024-12-06 18:18:56,475 - prepare_energy_grid.log - INFO - ZZZWJQ01 energy grid success
2024-12-06 18:18:56,475 - prepare_energy_grid.log - INFO - ZZZWJQ01 energy grid changed to np16
2024-12-06 18:22:47,756 - prepare_energy_grid.log - INFO - ZZZWJQ01 energy grid already exists
2024-12-06 18:25:19,611 - prepare_energy_grid.log - INFO - UPOSAU energy grid already exists
2024-12-06 21:29:08,634 - prepare_energy_grid.log - INFO - HAGTIV energy grid success
2024-12-06 21:29:08,635 - prepare_energy_grid.log - INFO - HAGTIV energy grid changed to np16
